<?xml version="1.0" encoding="UTF-8"?>
<!-- Generated by org.testng.reporters.JUnitReportReporter -->
<testsuite hostname="LAPTOP-6L05A88V" failures="0" tests="1" name="assertions.SoftAssert1" time="0.011" errors="0" timestamp="2022-03-21T09:10:41 IST" skipped="0">
  <testcase classname="assertions.SoftAssert1" name="f" time="0.011"/>
  <system-out/>
</testsuite> <!-- assertions.SoftAssert1 -->
