<?xml version="1.0" encoding="UTF-8"?>
<!-- Generated by org.testng.reporters.JUnitReportReporter -->
<testsuite hostname="LAPTOP-6L05A88V" failures="0" tests="4" name="class_Practice.DataProviTestNG" time="126.894" errors="0" timestamp="2022-03-21T00:21:41 IST" skipped="0">
  <testcase classname="class_Practice.DataProviTestNG" name="login" time="24.853"/>
  <system-out/>
  <testcase classname="class_Practice.DataProviTestNG" name="login" time="39.942"/>
  <system-out/>
  <testcase classname="class_Practice.DataProviTestNG" name="login" time="23.021"/>
  <system-out/>
  <testcase classname="class_Practice.DataProviTestNG" name="login" time="39.078"/>
  <system-out/>
</testsuite> <!-- class_Practice.DataProviTestNG -->
