<?xml version="1.0" encoding="UTF-8"?>
<!-- Generated by org.testng.reporters.JUnitReportReporter -->
<testsuite hostname="LAPTOP-6L05A88V" failures="0" tests="2" name="RS_TestNG.SavingAcc" time="0.010" errors="0" timestamp="2022-03-18T17:35:53 IST" skipped="0">
  <testcase classname="RS_TestNG.SavingAcc" name="accdetails" time="0.008"/>
  <system-out/>
  <testcase classname="RS_TestNG.SavingAcc" name="balancetransfer" time="0.002"/>
  <system-out/>
</testsuite> <!-- RS_TestNG.SavingAcc -->
