<?xml version="1.0" encoding="UTF-8"?>
<!-- Generated by org.testng.reporters.JUnitReportReporter -->
<testsuite hostname="LAPTOP-6L05A88V" failures="0" tests="1" name="com.TestNG.NewTest1" time="0.005" errors="0" timestamp="2022-03-16T18:02:50 IST" skipped="0">
  <testcase classname="com.TestNG.NewTest1" name="f" time="0.005"/>
  <system-out/>
</testsuite> <!-- com.TestNG.NewTest1 -->
