<?xml version="1.0" encoding="UTF-8"?>
<!-- Generated by org.testng.reporters.JUnitReportReporter -->
<testsuite hostname="LAPTOP-6L05A88V" failures="0" tests="1" name="com.TestNG.Parameterization_Parameters" time="0.656" errors="0" timestamp="2022-03-19T01:16:40 IST" skipped="0">
  <testcase classname="com.TestNG.Parameterization_Parameters" name="titleprint" time="0.656"/>
  <system-out/>
</testsuite> <!-- com.TestNG.Parameterization_Parameters -->
