<?xml version="1.0" encoding="UTF-8"?>
<!-- Generated by org.testng.reporters.JUnitReportReporter -->
<testsuite hostname="LAPTOP-6L05A88V" failures="0" tests="5" name="com.TestNG.AnnotationOrder" time="15.049" errors="1" timestamp="2022-03-18T12:21:41 IST" skipped="1">
  <testcase classname="com.TestNG.AnnotationOrder" name="testcase3" time="0.008"/>
  <system-out/>
  <testcase classname="com.TestNG.AnnotationOrder" name="testcase1" time="15.032">
    <error message="Method com.TestNG.AnnotationOrder.testcase1() didn&#039;t finish within the time-out 15000" type="org.testng.internal.thread.ThreadTimeoutException">
      <![CDATA[org.testng.internal.thread.ThreadTimeoutException: Method com.TestNG.AnnotationOrder.testcase1() didn't finish within the time-out 15000
at org.testng.internal.MethodInvocationHelper.invokeWithTimeoutWithNoExecutor(MethodInvocationHelper.java:348)
at org.testng.internal.MethodInvocationHelper.invokeWithTimeout(MethodInvocationHelper.java:281)
at org.testng.internal.TestInvoker.invokeMethod(TestInvoker.java:604)
at org.testng.internal.TestInvoker.invokeTestMethod(TestInvoker.java:173)
at org.testng.internal.MethodRunner.runInSequence(MethodRunner.java:46)
at org.testng.internal.TestInvoker$MethodInvocationAgent.invoke(TestInvoker.java:824)
at org.testng.internal.TestInvoker.invokeTestMethods(TestInvoker.java:146)
at org.testng.internal.TestMethodWorker.invokeTestMethods(TestMethodWorker.java:146)
at org.testng.internal.TestMethodWorker.run(TestMethodWorker.java:128)
at java.base/java.util.concurrent.ThreadPoolExecutor.runWorker(ThreadPoolExecutor.java:1130)
at java.base/java.util.concurrent.ThreadPoolExecutor$Worker.run(ThreadPoolExecutor.java:630)
at java.base/java.lang.Thread.run(Thread.java:832)
]]>
    </error>
  </testcase> <!-- testcase1 -->
  <system-out/>
  <testcase classname="com.TestNG.AnnotationOrder" name="testcase3" time="0.004"/>
  <system-out/>
  <testcase classname="com.TestNG.AnnotationOrder" name="testcase4" time="0.005"/>
  <system-out/>
  <testcase classname="com.TestNG.AnnotationOrder" name="testcase2">
    <skipped/>
  </testcase> <!-- testcase2 -->
  <system-out/>
</testsuite> <!-- com.TestNG.AnnotationOrder -->
